# JRE version: Java(TM) SE Runtime Environment (8.0_112-b15) (build 1.8.0_112-b15)
# Java VM: Java HotSpot(TM) 64-Bit Server VM (25.112-b15 mixed mode windows-amd64 compressed oops)
Heap:
 PSYoungGen      total 662528K, used 523920K [0x00000000d5f00000, 0x0000000100000000, 0x0000000100000000)
  eden space 642560K, 79% used [0x00000000d5f00000,0x00000000f537d190,0x00000000fd280000)
  from space 19968K, 57% used [0x00000000fe600000,0x00000000ff127108,0x00000000ff980000)
  to   space 19968K, 0% used [0x00000000fd280000,0x00000000fd280000,0x00000000fe600000)
 ParOldGen       total 119808K, used 46700K [0x0000000081c00000, 0x0000000089100000, 0x00000000d5f00000)
  object space 119808K, 38% used [0x0000000081c00000,0x000000008499b258,0x0000000089100000)
 Metaspace       used 77638K, capacity 79632K, committed 79832K, reserved 1120256K
  class space    used 9260K, capacity 9613K, committed 9728K, reserved 1048576K
GC Heap History (10 events):
Event: 6095.845 GC heap before
{Heap before GC invocations=37 (full 9):
 PSYoungGen      total 663040K, used 468618K [0x00000000d5f00000, 0x00000000ffe80000, 0x0000000100000000)
  eden space 638976K, 73% used [0x00000000d5f00000,0x00000000f28a2888,0x00000000fcf00000)
  from space 24064K, 0% used [0x00000000fcf00000,0x00000000fcf00000,0x00000000fe680000)
  to   space 22528K, 0% used [0x00000000fe880000,0x00000000fe880000,0x00000000ffe80000)
 ParOldGen       total 119808K, used 45586K [0x0000000081c00000, 0x0000000089100000, 0x00000000d5f00000)
  object space 119808K, 38% used [0x0000000081c00000,0x00000000848849c8,0x0000000089100000)
 Metaspace       used 75954K, capacity 77708K, committed 77784K, reserved 1118208K
  class space    used 9137K, capacity 9464K, committed 9472K, reserved 1048576K
Event: 6095.858 GC heap after
Heap after GC invocations=37 (full 9):
 PSYoungGen      total 662016K, used 7347K [0x00000000d5f00000, 0x00000000ffb80000, 0x0000000100000000)
  eden space 642560K, 0% used [0x00000000d5f00000,0x00000000d5f00000,0x00000000fd280000)
  from space 19456K, 37% used [0x00000000fe880000,0x00000000fefacf58,0x00000000ffb80000)
  to   space 20992K, 0% used [0x00000000fd280000,0x00000000fd280000,0x00000000fe700000)
 ParOldGen       total 119808K, used 45594K [0x0000000081c00000, 0x0000000089100000, 0x00000000d5f00000)
  object space 119808K, 38% used [0x0000000081c00000,0x00000000848869c8,0x0000000089100000)
 Metaspace       used 75954K, capacity 77708K, committed 77784K, reserved 1118208K
  class space    used 9137K, capacity 9464K, committed 9472K, reserved 1048576K
}
Event: 6095.858 GC heap before
{Heap before GC invocations=38 (full 10):
 PSYoungGen      total 662016K, used 7347K [0x00000000d5f00000, 0x00000000ffb80000, 0x0000000100000000)
  eden space 642560K, 0% used [0x00000000d5f00000,0x00000000d5f00000,0x00000000fd280000)
  from space 19456K, 37% used [0x00000000fe880000,0x00000000fefacf58,0x00000000ffb80000)
  to   space 20992K, 0% used [0x00000000fd280000,0x00000000fd280000,0x00000000fe700000)
 ParOldGen       total 119808K, used 45594K [0x0000000081c00000, 0x0000000089100000, 0x00000000d5f00000)
  object space 119808K, 38% used [0x0000000081c00000,0x00000000848869c8,0x0000000089100000)
 Metaspace       used 75954K, capacity 77708K, committed 77784K, reserved 1118208K
  class space    used 9137K, capacity 9464K, committed 9472K, reserved 1048576K
Event: 6096.201 GC heap after
Heap after GC invocations=38 (full 10):
 PSYoungGen      total 662016K, used 0K [0x00000000d5f00000, 0x00000000ffb80000, 0x0000000100000000)
  eden space 642560K, 0% used [0x00000000d5f00000,0x00000000d5f00000,0x00000000fd280000)
  from space 19456K, 0% used [0x00000000fe880000,0x00000000fe880000,0x00000000ffb80000)
  to   space 20992K, 0% used [0x00000000fd280000,0x00000000fd280000,0x00000000fe700000)
 ParOldGen       total 119808K, used 46393K [0x0000000081c00000, 0x0000000089100000, 0x00000000d5f00000)
  object space 119808K, 38% used [0x0000000081c00000,0x000000008494e448,0x0000000089100000)
 Metaspace       used 75939K, capacity 77684K, committed 77784K, reserved 1118208K
  class space    used 9135K, capacity 9460K, committed 9472K, reserved 1048576K
}
Event: 6153.149 GC heap before
{Heap before GC invocations=39 (full 10):
 PSYoungGen      total 662016K, used 444222K [0x00000000d5f00000, 0x00000000ffb80000, 0x0000000100000000)
  eden space 642560K, 69% used [0x00000000d5f00000,0x00000000f10cfa00,0x00000000fd280000)
  from space 19456K, 0% used [0x00000000fe880000,0x00000000fe880000,0x00000000ffb80000)
  to   space 20992K, 0% used [0x00000000fd280000,0x00000000fd280000,0x00000000fe700000)
 ParOldGen       total 119808K, used 46393K [0x0000000081c00000, 0x0000000089100000, 0x00000000d5f00000)
  object space 119808K, 38% used [0x0000000081c00000,0x000000008494e448,0x0000000089100000)
 Metaspace       used 76579K, capacity 78428K, committed 78680K, reserved 1118208K
  class space    used 9186K, capacity 9520K, committed 9600K, reserved 1048576K
Event: 6153.163 GC heap after
Heap after GC invocations=39 (full 10):
 PSYoungGen      total 650240K, used 7243K [0x00000000d5f00000, 0x00000000ff980000, 0x0000000100000000)
  eden space 642560K, 0% used [0x00000000d5f00000,0x00000000d5f00000,0x00000000fd280000)
  from space 7680K, 94% used [0x00000000fd280000,0x00000000fd992d70,0x00000000fda00000)
  to   space 19968K, 0% used [0x00000000fe600000,0x00000000fe600000,0x00000000ff980000)
 ParOldGen       total 119808K, used 46401K [0x0000000081c00000, 0x0000000089100000, 0x00000000d5f00000)
  object space 119808K, 38% used [0x0000000081c00000,0x0000000084950448,0x0000000089100000)
 Metaspace       used 76579K, capacity 78428K, committed 78680K, reserved 1118208K
  class space    used 9186K, capacity 9520K, committed 9600K, reserved 1048576K
}
Event: 6153.163 GC heap before
{Heap before GC invocations=40 (full 11):
 PSYoungGen      total 650240K, used 7243K [0x00000000d5f00000, 0x00000000ff980000, 0x0000000100000000)
  eden space 642560K, 0% used [0x00000000d5f00000,0x00000000d5f00000,0x00000000fd280000)
  from space 7680K, 94% used [0x00000000fd280000,0x00000000fd992d70,0x00000000fda00000)
  to   space 19968K, 0% used [0x00000000fe600000,0x00000000fe600000,0x00000000ff980000)
 ParOldGen       total 119808K, used 46401K [0x0000000081c00000, 0x0000000089100000, 0x00000000d5f00000)
  object space 119808K, 38% used [0x0000000081c00000,0x0000000084950448,0x0000000089100000)
 Metaspace       used 76579K, capacity 78428K, committed 78680K, reserved 1118208K
  class space    used 9186K, capacity 9520K, committed 9600K, reserved 1048576K
Event: 6153.615 GC heap after
Heap after GC invocations=40 (full 11):
 PSYoungGen      total 650240K, used 0K [0x00000000d5f00000, 0x00000000ff980000, 0x0000000100000000)
  eden space 642560K, 0% used [0x00000000d5f00000,0x00000000d5f00000,0x00000000fd280000)
  from space 7680K, 0% used [0x00000000fd280000,0x00000000fd280000,0x00000000fda00000)
  to   space 19968K, 0% used [0x00000000fe600000,0x00000000fe600000,0x00000000ff980000)
 ParOldGen       total 119808K, used 46692K [0x0000000081c00000, 0x0000000089100000, 0x00000000d5f00000)
  object space 119808K, 38% used [0x0000000081c00000,0x0000000084999258,0x0000000089100000)
 Metaspace       used 76547K, capacity 78374K, committed 78680K, reserved 1118208K
  class space    used 9181K, capacity 9511K, committed 9600K, reserved 1048576K
}
Event: 8827.446 GC heap before
{Heap before GC invocations=41 (full 11):
 PSYoungGen      total 650240K, used 642560K [0x00000000d5f00000, 0x00000000ff980000, 0x0000000100000000)
  eden space 642560K, 100% used [0x00000000d5f00000,0x00000000fd280000,0x00000000fd280000)
  from space 7680K, 0% used [0x00000000fd280000,0x00000000fd280000,0x00000000fda00000)
  to   space 19968K, 0% used [0x00000000fe600000,0x00000000fe600000,0x00000000ff980000)
 ParOldGen       total 119808K, used 46692K [0x0000000081c00000, 0x0000000089100000, 0x00000000d5f00000)
  object space 119808K, 38% used [0x0000000081c00000,0x0000000084999258,0x0000000089100000)
 Metaspace       used 77620K, capacity 79632K, committed 79832K, reserved 1120256K
  class space    used 9260K, capacity 9613K, committed 9728K, reserved 1048576K
Event: 8827.462 GC heap after
Heap after GC invocations=41 (full 11):
 PSYoungGen      total 662528K, used 11420K [0x00000000d5f00000, 0x0000000100000000, 0x0000000100000000)
  eden space 642560K, 0% used [0x00000000d5f00000,0x00000000d5f00000,0x00000000fd280000)
  from space 19968K, 57% used [0x00000000fe600000,0x00000000ff127108,0x00000000ff980000)
  to   space 19968K, 0% used [0x00000000fd280000,0x00000000fd280000,0x00000000fe600000)
 ParOldGen       total 119808K, used 46700K [0x0000000081c00000, 0x0000000089100000, 0x00000000d5f00000)
  object space 119808K, 38% used [0x0000000081c00000,0x000000008499b258,0x0000000089100000)
 Metaspace       used 77620K, capacity 79632K, committed 79832K, reserved 1120256K
  class space    used 9260K, capacity 9613K, committed 9728K, reserved 1048576K
}

